         used (Mb) gc trigger (Mb) max used (Mb)
Ncells 273711 14.7     660905 35.3   451923 24.2
Vcells 459124  3.6    8388608 64.0  1800319 13.8
[1] "2023-08-04 02:38:42"
[1] "split_seed 1"
[1] "split_seed 2"
[1] "split_seed 3"
[1] "split_seed 4"
[1] "split_seed 5"
[1] "split_seed 6"
[1] "split_seed 7"
[1] "split_seed 8"
[1] "split_seed 9"
[1] "split_seed 10"
[1] "Remaining time (estimated): 10 minutes"
[1] "split_seed 11"
[1] "split_seed 12"
[1] "split_seed 13"
[1] "split_seed 14"
[1] "split_seed 15"
[1] "split_seed 16"
[1] "split_seed 17"
[1] "split_seed 18"
[1] "split_seed 19"
[1] "split_seed 20"
[1] "Remaining time (estimated): 9 minutes"
[1] "split_seed 21"
[1] "split_seed 22"
[1] "split_seed 23"
[1] "split_seed 24"
[1] "split_seed 25"
[1] "split_seed 26"
[1] "split_seed 27"
[1] "split_seed 28"
[1] "split_seed 29"
[1] "split_seed 30"
[1] "Remaining time (estimated): 7 minutes"
[1] "split_seed 31"
[1] "split_seed 32"
[1] "split_seed 33"
[1] "split_seed 34"
[1] "split_seed 35"
[1] "split_seed 36"
[1] "split_seed 37"
[1] "split_seed 38"
[1] "split_seed 39"
[1] "split_seed 40"
[1] "Remaining time (estimated): 6 minutes"
[1] "split_seed 41"
[1] "split_seed 42"
[1] "split_seed 43"
[1] "split_seed 44"
[1] "split_seed 45"
[1] "split_seed 46"
[1] "split_seed 47"
[1] "split_seed 48"
[1] "split_seed 49"
[1] "split_seed 50"
[1] "Remaining time (estimated): 5 minutes"
[1] "split_seed 51"
[1] "split_seed 52"
[1] "split_seed 53"
[1] "split_seed 54"
[1] "split_seed 55"
[1] "split_seed 56"
[1] "split_seed 57"
[1] "split_seed 58"
[1] "split_seed 59"
[1] "split_seed 60"
[1] "Remaining time (estimated): 4 minutes"
[1] "split_seed 61"
[1] "split_seed 62"
[1] "split_seed 63"
[1] "split_seed 64"
[1] "split_seed 65"
[1] "split_seed 66"
[1] "split_seed 67"
[1] "split_seed 68"
[1] "split_seed 69"
[1] "split_seed 70"
[1] "Remaining time (estimated): 4 minutes"
[1] "split_seed 71"
[1] "split_seed 72"
[1] "split_seed 73"
[1] "split_seed 74"
[1] "split_seed 75"
[1] "split_seed 76"
[1] "split_seed 77"
[1] "split_seed 78"
[1] "split_seed 79"
[1] "split_seed 80"
[1] "Remaining time (estimated): 2 minutes"
[1] "split_seed 81"
[1] "split_seed 82"
[1] "split_seed 83"
[1] "split_seed 84"
[1] "split_seed 85"
[1] "split_seed 86"
[1] "split_seed 87"
[1] "split_seed 88"
[1] "split_seed 89"
[1] "split_seed 90"
[1] "Remaining time (estimated): 1 minutes"
[1] "split_seed 91"
[1] "split_seed 92"
[1] "split_seed 93"
[1] "split_seed 94"
[1] "split_seed 95"
[1] "split_seed 96"
[1] "split_seed 97"
[1] "split_seed 98"
[1] "split_seed 99"
[1] "split_seed 100"
[1] "Remaining time (estimated): 0 minutes"
[1] "2023-08-04 02:49:32"
[1] "starting to compare"
[1] "2023-08-04 02:49:32"
[1] "starting aggregation of results"
[1] "2023-08-04 02:49:34"
[1] "Execution time: 11 minutes"
         used (Mb) gc trigger (Mb) max used (Mb)
Ncells 273711 14.7     660905 35.3   451923 24.2
Vcells 459124  3.6    8388608 64.0  1800319 13.8
[1] "2023-08-04 02:50:34"
[1] "split_seed 1"
[1] "split_seed 2"
[1] "split_seed 3"
[1] "split_seed 4"
[1] "split_seed 5"
[1] "split_seed 6"
[1] "split_seed 7"
[1] "split_seed 8"
[1] "split_seed 9"
[1] "split_seed 10"
[1] "Remaining time (estimated): 9 minutes"
[1] "split_seed 11"
[1] "split_seed 12"
[1] "split_seed 13"
[1] "split_seed 14"
[1] "split_seed 15"
[1] "split_seed 16"
[1] "split_seed 17"
[1] "split_seed 18"
[1] "split_seed 19"
[1] "split_seed 20"
[1] "Remaining time (estimated): 8 minutes"
[1] "split_seed 21"
[1] "split_seed 22"
[1] "split_seed 23"
[1] "split_seed 24"
[1] "split_seed 25"
[1] "split_seed 26"
[1] "split_seed 27"
[1] "split_seed 28"
[1] "split_seed 29"
[1] "split_seed 30"
[1] "Remaining time (estimated): 7 minutes"
[1] "split_seed 31"
[1] "split_seed 32"
[1] "split_seed 33"
[1] "split_seed 34"
[1] "split_seed 35"
[1] "split_seed 36"
[1] "split_seed 37"
[1] "split_seed 38"
[1] "split_seed 39"
[1] "split_seed 40"
[1] "Remaining time (estimated): 6 minutes"
[1] "split_seed 41"
[1] "split_seed 42"
[1] "split_seed 43"
[1] "split_seed 44"
[1] "split_seed 45"
[1] "split_seed 46"
[1] "split_seed 47"
[1] "split_seed 48"
[1] "split_seed 49"
[1] "split_seed 50"
[1] "Remaining time (estimated): 5 minutes"
[1] "split_seed 51"
[1] "split_seed 52"
[1] "split_seed 53"
[1] "split_seed 54"
[1] "split_seed 55"
[1] "split_seed 56"
[1] "split_seed 57"
[1] "split_seed 58"
[1] "split_seed 59"
[1] "split_seed 60"
[1] "Remaining time (estimated): 4 minutes"
[1] "split_seed 61"
[1] "split_seed 62"
[1] "split_seed 63"
[1] "split_seed 64"
[1] "split_seed 65"
[1] "split_seed 66"
[1] "split_seed 67"
[1] "split_seed 68"
[1] "split_seed 69"
[1] "split_seed 70"
[1] "Remaining time (estimated): 3 minutes"
[1] "split_seed 71"
[1] "split_seed 72"
[1] "split_seed 73"
[1] "split_seed 74"
[1] "split_seed 75"
[1] "split_seed 76"
[1] "split_seed 77"
[1] "split_seed 78"
[1] "split_seed 79"
[1] "split_seed 80"
[1] "Remaining time (estimated): 2 minutes"
[1] "split_seed 81"
[1] "split_seed 82"
[1] "split_seed 83"
[1] "split_seed 84"
[1] "split_seed 85"
[1] "split_seed 86"
[1] "split_seed 87"
[1] "split_seed 88"
[1] "split_seed 89"
[1] "split_seed 90"
[1] "Remaining time (estimated): 1 minutes"
[1] "split_seed 91"
[1] "split_seed 92"
[1] "split_seed 93"
[1] "split_seed 94"
[1] "split_seed 95"
[1] "split_seed 96"
[1] "split_seed 97"
[1] "split_seed 98"
[1] "split_seed 99"
[1] "split_seed 100"
[1] "Remaining time (estimated): 0 minutes"
[1] "2023-08-04 03:01:00"
[1] "starting to compare"
[1] "2023-08-04 03:01:00"
[1] "starting aggregation of results"
[1] "2023-08-04 03:01:02"
[1] "Execution time: 10 minutes"
         used (Mb) gc trigger (Mb) max used (Mb)
Ncells 273711 14.7     660905 35.3   451923 24.2
Vcells 459124  3.6    8388608 64.0  1800319 13.8
[1] "2023-08-04 03:02:02"
[1] "split_seed 1"
[1] "split_seed 2"
[1] "split_seed 3"
[1] "split_seed 4"
[1] "split_seed 5"
[1] "split_seed 6"
[1] "split_seed 7"
[1] "split_seed 8"
[1] "split_seed 9"
[1] "split_seed 10"
[1] "Remaining time (estimated): 8 minutes"
[1] "split_seed 11"
[1] "split_seed 12"
[1] "split_seed 13"
[1] "split_seed 14"
[1] "split_seed 15"
[1] "split_seed 16"
[1] "split_seed 17"
[1] "split_seed 18"
[1] "split_seed 19"
[1] "split_seed 20"
[1] "Remaining time (estimated): 7 minutes"
[1] "split_seed 21"
[1] "split_seed 22"
[1] "split_seed 23"
[1] "split_seed 24"
[1] "split_seed 25"
[1] "split_seed 26"
[1] "split_seed 27"
[1] "split_seed 28"
[1] "split_seed 29"
[1] "split_seed 30"
[1] "Remaining time (estimated): 6 minutes"
[1] "split_seed 31"
[1] "split_seed 32"
[1] "split_seed 33"
[1] "split_seed 34"
[1] "split_seed 35"
[1] "split_seed 36"
[1] "split_seed 37"
[1] "split_seed 38"
[1] "split_seed 39"
[1] "split_seed 40"
[1] "Remaining time (estimated): 6 minutes"
[1] "split_seed 41"
[1] "split_seed 42"
[1] "split_seed 43"
[1] "split_seed 44"
[1] "split_seed 45"
[1] "split_seed 46"
[1] "split_seed 47"
[1] "split_seed 48"
[1] "split_seed 49"
[1] "split_seed 50"
[1] "Remaining time (estimated): 5 minutes"
[1] "split_seed 51"
[1] "split_seed 52"
[1] "split_seed 53"
[1] "split_seed 54"
[1] "split_seed 55"
[1] "split_seed 56"
[1] "split_seed 57"
[1] "split_seed 58"
[1] "split_seed 59"
[1] "split_seed 60"
[1] "Remaining time (estimated): 4 minutes"
[1] "split_seed 61"
[1] "split_seed 62"
[1] "split_seed 63"
[1] "split_seed 64"
[1] "split_seed 65"
[1] "split_seed 66"
[1] "split_seed 67"
[1] "split_seed 68"
[1] "split_seed 69"
[1] "split_seed 70"
[1] "Remaining time (estimated): 3 minutes"
[1] "split_seed 71"
[1] "split_seed 72"
[1] "split_seed 73"
[1] "split_seed 74"
[1] "split_seed 75"
[1] "split_seed 76"
[1] "split_seed 77"
[1] "split_seed 78"
[1] "split_seed 79"
[1] "split_seed 80"
[1] "Remaining time (estimated): 2 minutes"
[1] "split_seed 81"
[1] "split_seed 82"
[1] "split_seed 83"
[1] "split_seed 84"
[1] "split_seed 85"
[1] "split_seed 86"
[1] "split_seed 87"
[1] "split_seed 88"
[1] "split_seed 89"
[1] "split_seed 90"
[1] "Remaining time (estimated): 1 minutes"
[1] "split_seed 91"
[1] "split_seed 92"
[1] "split_seed 93"
[1] "split_seed 94"
[1] "split_seed 95"
[1] "split_seed 96"
[1] "split_seed 97"
[1] "split_seed 98"
[1] "split_seed 99"
[1] "split_seed 100"
[1] "Remaining time (estimated): 0 minutes"
[1] "2023-08-04 03:11:45"
[1] "starting to compare"
[1] "2023-08-04 03:11:45"
[1] "starting aggregation of results"
[1] "2023-08-04 03:11:47"
[1] "Execution time: 10 minutes"
